Running: C:\Xilinx\14.7\ISE_DS\ISE\bin\nt64\unwrapped\fuse.exe -intstyle ise -incremental -lib unisims_ver -lib unimacro_ver -lib xilinxcorelib_ver -lib secureip -o F:/Microprocessors Lab/Lab3/Lab3_tb_isim_beh.exe -prj F:/Microprocessors Lab/Lab3/Lab3_tb_beh.prj work.Lab3_tb work.glbl 
ISim P.20131013 (signature 0x7708f090)
Number of CPUs detected in this system: 1
Turning on mult-threading, number of parallel sub-compilation jobs: 0 
Determining compilation order of HDL files
Analyzing Verilog file "F:/Microprocessors Lab/Lab3/LEDprogram.v" into library work
Analyzing Verilog file "F:/Microprocessors Lab/Lab3/KCPSM6_Release9_30Sept14/Verilog/kcpsm6.v" into library work
Analyzing Verilog file "F:/Microprocessors Lab/Lab3/Lab3.v" into library work
Analyzing Verilog file "F:/Microprocessors Lab/Lab3/Lab3_tb.v" into library work
Analyzing Verilog file "C:/Xilinx/14.7/ISE_DS/ISE//verilog/src/glbl.v" into library work
Starting static elaboration
WARNING:HDLCompiler:1007 - "N:/P.20131013/rtf/verilog/src/unisims/RAMB16BWER.v" Line 1716: Element index 2 into memp is out of bounds
WARNING:HDLCompiler:1007 - "N:/P.20131013/rtf/verilog/src/unisims/RAMB16BWER.v" Line 1720: Element index 3 into memp is out of bounds
WARNING:HDLCompiler:1007 - "N:/P.20131013/rtf/verilog/src/unisims/RAMB16BWER.v" Line 1803: Element index 2 into memp is out of bounds
WARNING:HDLCompiler:1007 - "N:/P.20131013/rtf/verilog/src/unisims/RAMB16BWER.v" Line 1807: Element index 3 into memp is out of bounds
WARNING:HDLCompiler:1007 - "N:/P.20131013/rtf/verilog/src/unisims/RAMB16BWER.v" Line 1864: Element index 2 into memp is out of bounds
WARNING:HDLCompiler:1007 - "N:/P.20131013/rtf/verilog/src/unisims/RAMB16BWER.v" Line 1865: Element index 3 into memp is out of bounds
WARNING:HDLCompiler:1007 - "N:/P.20131013/rtf/verilog/src/unisims/RAMB16BWER.v" Line 1916: Element index 2 into memp is out of bounds
WARNING:HDLCompiler:1007 - "N:/P.20131013/rtf/verilog/src/unisims/RAMB16BWER.v" Line 1917: Element index 3 into memp is out of bounds
WARNING:HDLCompiler:1007 - "N:/P.20131013/rtf/verilog/src/unisims/RAMB16BWER.v" Line 2012: Element index 23 into mem is out of bounds
WARNING:HDLCompiler:1007 - "N:/P.20131013/rtf/verilog/src/unisims/RAMB16BWER.v" Line 2013: Element index 2 into memp is out of bounds
WARNING:HDLCompiler:1007 - "N:/P.20131013/rtf/verilog/src/unisims/RAMB16BWER.v" Line 2018: Element index 31 into mem is out of bounds
WARNING:HDLCompiler:1007 - "N:/P.20131013/rtf/verilog/src/unisims/RAMB16BWER.v" Line 2019: Element index 3 into memp is out of bounds
WARNING:HDLCompiler:1007 - "N:/P.20131013/rtf/verilog/src/unisims/RAMB16BWER.v" Line 2122: Element index 23 into mem is out of bounds
WARNING:HDLCompiler:1007 - "N:/P.20131013/rtf/verilog/src/unisims/RAMB16BWER.v" Line 2123: Element index 2 into memp is out of bounds
WARNING:HDLCompiler:1007 - "N:/P.20131013/rtf/verilog/src/unisims/RAMB16BWER.v" Line 2128: Element index 31 into mem is out of bounds
WARNING:HDLCompiler:1007 - "N:/P.20131013/rtf/verilog/src/unisims/RAMB16BWER.v" Line 2129: Element index 3 into memp is out of bounds
Completed static elaboration
Compiling module LUT6_2(INIT=64'b1111111111111111...
Compiling module FD
Compiling module LUT6(INIT=64'b01100101010101010)
Compiling module FDR
Compiling module XORCY
Compiling module MUXCY
Compiling module FDRE
Compiling module RAM32M
Compiling module RAM64M
Compiling module kcpsm6_default
WARNING:HDLCompiler:1007 - "N:/P.20131013/rtf/verilog/src/unisims/RAMB16BWER.v" Line 1543: Element index 2 into memp is out of bounds
WARNING:HDLCompiler:1007 - "N:/P.20131013/rtf/verilog/src/unisims/RAMB16BWER.v" Line 1547: Element index 3 into memp is out of bounds
WARNING:HDLCompiler:1007 - "N:/P.20131013/rtf/verilog/src/unisims/RAMB16BWER.v" Line 1629: Element index 2 into memp is out of bounds
WARNING:HDLCompiler:1007 - "N:/P.20131013/rtf/verilog/src/unisims/RAMB16BWER.v" Line 1633: Element index 3 into memp is out of bounds
Compiling module RAMB16BWER(DATA_WIDTH_A=18,DATA_...
Compiling module BSCAN_SPARTAN6(JTAG_CHAIN=2)
Compiling module BUFG
WARNING:HDLCompiler:1007 - "F:/Microprocessors Lab/Lab3/LEDprogram.v" Line 3138: Element index 1 into picoblaze_reset_int is out of bounds
WARNING:HDLCompiler:1007 - "F:/Microprocessors Lab/Lab3/LEDprogram.v" Line 3144: Element index 2 into picoblaze_reset_int is out of bounds
WARNING:HDLCompiler:1007 - "F:/Microprocessors Lab/Lab3/LEDprogram.v" Line 3150: Element index 3 into picoblaze_reset_int is out of bounds
WARNING:HDLCompiler:1007 - "F:/Microprocessors Lab/Lab3/LEDprogram.v" Line 3156: Element index 4 into picoblaze_reset_int is out of bounds
WARNING:HDLCompiler:1007 - "F:/Microprocessors Lab/Lab3/LEDprogram.v" Line 3162: Element index 5 into picoblaze_reset_int is out of bounds
WARNING:HDLCompiler:1007 - "F:/Microprocessors Lab/Lab3/LEDprogram.v" Line 3168: Element index 6 into picoblaze_reset_int is out of bounds
WARNING:HDLCompiler:1007 - "F:/Microprocessors Lab/Lab3/LEDprogram.v" Line 3174: Element index 7 into picoblaze_reset_int is out of bounds
Compiling module jtag_loader_6(C_JTAG_LOADER_ENAB...
Compiling module LEDprogram_default
Compiling module Lab3
Compiling module Lab3_tb
Compiling module glbl
Time Resolution for simulation is 1ps.
Compiled 52 Verilog Units
Built simulation executable F:/Microprocessors Lab/Lab3/Lab3_tb_isim_beh.exe
Fuse Memory Usage: 57996 KB
Fuse CPU Usage: 2324 ms
